Build started 2016-11-29 오후 11:04:38.
     1>Project "C:\Users\y2k91\Desktop\MAD_BLOCK-버그수정,다이얼로그 수정\Tetris_Original\Tetris.vcxproj" on node 2 (build target(s)).
     1>InitializeBuildStatus:
         Creating "Release\Tetris.unsuccessfulbuild" because "AlwaysCreate" was specified.
       ClCompile:
         All outputs are up-to-date.
         C:\Program Files (x86)\Microsoft Visual Studio 10.0\VC\bin\CL.exe /c /Zi /nologo /W3 /WX- /O2 /Oi /Oy- /GL /D WIN32 /D _WINDOWS /D NDEBUG /D _UNICODE /D UNICODE /Gm- /EHsc /MT /GS /Gy /fp:precise /Zc:wchar_t /Zc:forScope /Yu"StdAfx.h" /Fp"Release\Tetris.pch" /Fo"Release\\" /Fd"Release\vc100.pdb" /Gd /TP /analyze- /errorReport:prompt TetrisDlg.cpp
         TetrisDlg.cpp
       ResourceCompile:
         All outputs are up-to-date.
       Link:
         C:\Program Files (x86)\Microsoft Visual Studio 10.0\VC\bin\link.exe /ERRORREPORT:PROMPT /OUT:"C:\Users\y2k91\Desktop\MAD_BLOCK-버그수정,다이얼로그 수정\Tetris_Original\Release\Tetris.exe" /INCREMENTAL:NO /NOLOGO /MANIFEST /ManifestFile:"Release\Tetris.exe.intermediate.manifest" /MANIFESTUAC:"level='asInvoker' uiAccess='false'" /DEBUG /PDB:"C:\Users\y2k91\Desktop\MAD_BLOCK-버그수정,다이얼로그 수정\Tetris_Original\Release\Tetris.pdb" /SUBSYSTEM:WINDOWS /OPT:REF /OPT:ICF /LTCG /TLBID:1 /ENTRY:"wWinMainCRTStartup" /DYNAMICBASE /NXCOMPAT /IMPLIB:"C:\Users\y2k91\Desktop\MAD_BLOCK-버그수정,다이얼로그 수정\Tetris_Original\Release\Tetris.lib" /MACHINE:X86 Release\Tetris.res
         Release\Block.obj
         Release\BlockI.obj
         Release\BlockJ.obj
         Release\BlockL.obj
         Release\BlockO.obj
         Release\BlockS.obj
         Release\BLockT.obj
         Release\BlockZ.obj
         Release\stdafx.obj
         Release\Tetris.obj
         Release\TetrisDlg.obj
         코드를 생성하고 있습니다.
         코드를 생성했습니다.
         Tetris.vcxproj -> C:\Users\y2k91\Desktop\MAD_BLOCK-버그수정,다이얼로그 수정\Tetris_Original\Release\Tetris.exe
       Manifest:
         C:\Program Files (x86)\Microsoft SDKs\Windows\v7.0A\bin\mt.exe /nologo /verbose /outputresource:"C:\Users\y2k91\Desktop\MAD_BLOCK-버그수정,다이얼로그 수정\Tetris_Original\Release\Tetris.exe;#1" /manifest Release\Tetris.exe.intermediate.manifest "C:\Program Files (x86)\Microsoft Visual Studio 10.0\VC\Include\Manifest\dpiaware.manifest"
       FinalizeBuildStatus:
         Deleting file "Release\Tetris.unsuccessfulbuild".
         Touching "Release\Tetris.lastbuildstate".
     1>Done Building Project "C:\Users\y2k91\Desktop\MAD_BLOCK-버그수정,다이얼로그 수정\Tetris_Original\Tetris.vcxproj" (build target(s)).

Build succeeded.

Time Elapsed 00:00:02.53
