C:\USERS\ADMINISTRATOR\DOCUMENTS\카카오톡 받은 파일\MAD_BLOCK-MASTER\TETRIS_ORIGINAL\RELEASE\BLOCK.OBJ
C:\USERS\ADMINISTRATOR\DOCUMENTS\카카오톡 받은 파일\MAD_BLOCK-MASTER\TETRIS_ORIGINAL\RELEASE\BLOCKI.OBJ
C:\USERS\ADMINISTRATOR\DOCUMENTS\카카오톡 받은 파일\MAD_BLOCK-MASTER\TETRIS_ORIGINAL\RELEASE\BLOCKJ.OBJ
C:\USERS\ADMINISTRATOR\DOCUMENTS\카카오톡 받은 파일\MAD_BLOCK-MASTER\TETRIS_ORIGINAL\RELEASE\BLOCKL.OBJ
C:\USERS\ADMINISTRATOR\DOCUMENTS\카카오톡 받은 파일\MAD_BLOCK-MASTER\TETRIS_ORIGINAL\RELEASE\BLOCKO.OBJ
C:\USERS\ADMINISTRATOR\DOCUMENTS\카카오톡 받은 파일\MAD_BLOCK-MASTER\TETRIS_ORIGINAL\RELEASE\BLOCKS.OBJ
C:\USERS\ADMINISTRATOR\DOCUMENTS\카카오톡 받은 파일\MAD_BLOCK-MASTER\TETRIS_ORIGINAL\RELEASE\BLOCKT.OBJ
C:\USERS\ADMINISTRATOR\DOCUMENTS\카카오톡 받은 파일\MAD_BLOCK-MASTER\TETRIS_ORIGINAL\RELEASE\BLOCKZ.OBJ
C:\Users\Administrator\Documents\카카오톡 받은 파일\MAD_BLOCK-master\Tetris_Original\Release\cl.command.1.tlog
C:\Users\Administrator\Documents\카카오톡 받은 파일\MAD_BLOCK-master\Tetris_Original\Release\CL.read.1.tlog
C:\Users\Administrator\Documents\카카오톡 받은 파일\MAD_BLOCK-master\Tetris_Original\Release\CL.write.1.tlog
C:\Users\Administrator\Documents\카카오톡 받은 파일\MAD_BLOCK-master\Tetris_Original\Release\link.command.1.tlog
C:\Users\Administrator\Documents\카카오톡 받은 파일\MAD_BLOCK-master\Tetris_Original\Release\link.read.1.tlog
C:\Users\Administrator\Documents\카카오톡 받은 파일\MAD_BLOCK-master\Tetris_Original\Release\link.write.1.tlog
C:\Users\Administrator\Documents\카카오톡 받은 파일\MAD_BLOCK-master\Tetris_Original\Release\link-cvtres.read.1.tlog
C:\Users\Administrator\Documents\카카오톡 받은 파일\MAD_BLOCK-master\Tetris_Original\Release\link-cvtres.write.1.tlog
C:\Users\Administrator\Documents\카카오톡 받은 파일\MAD_BLOCK-master\Tetris_Original\Release\mt.command.1.tlog
C:\Users\Administrator\Documents\카카오톡 받은 파일\MAD_BLOCK-master\Tetris_Original\Release\mt.read.1.tlog
C:\Users\Administrator\Documents\카카오톡 받은 파일\MAD_BLOCK-master\Tetris_Original\Release\mt.write.1.tlog
C:\Users\Administrator\Documents\카카오톡 받은 파일\MAD_BLOCK-master\Tetris_Original\Release\rc.command.1.tlog
C:\Users\Administrator\Documents\카카오톡 받은 파일\MAD_BLOCK-master\Tetris_Original\Release\rc.read.1.tlog
C:\Users\Administrator\Documents\카카오톡 받은 파일\MAD_BLOCK-master\Tetris_Original\Release\rc.write.1.tlog
C:\USERS\ADMINISTRATOR\DOCUMENTS\카카오톡 받은 파일\MAD_BLOCK-MASTER\TETRIS_ORIGINAL\RELEASE\STDAFX.OBJ
C:\USERS\ADMINISTRATOR\DOCUMENTS\카카오톡 받은 파일\MAD_BLOCK-MASTER\TETRIS_ORIGINAL\RELEASE\TETRIS.EXE
C:\USERS\ADMINISTRATOR\DOCUMENTS\카카오톡 받은 파일\MAD_BLOCK-MASTER\TETRIS_ORIGINAL\RELEASE\TETRIS.EXE.INTERMEDIATE.MANIFEST
C:\USERS\ADMINISTRATOR\DOCUMENTS\카카오톡 받은 파일\MAD_BLOCK-MASTER\TETRIS_ORIGINAL\RELEASE\TETRIS.OBJ
C:\USERS\ADMINISTRATOR\DOCUMENTS\카카오톡 받은 파일\MAD_BLOCK-MASTER\TETRIS_ORIGINAL\RELEASE\TETRIS.PCH
C:\USERS\ADMINISTRATOR\DOCUMENTS\카카오톡 받은 파일\MAD_BLOCK-MASTER\TETRIS_ORIGINAL\RELEASE\TETRIS.PDB
C:\USERS\ADMINISTRATOR\DOCUMENTS\카카오톡 받은 파일\MAD_BLOCK-MASTER\TETRIS_ORIGINAL\RELEASE\TETRIS.RES
C:\Users\Administrator\Documents\카카오톡 받은 파일\MAD_BLOCK-master\Tetris_Original\Release\Tetris.vcxprojResolveAssemblyReference.cache
C:\Users\Administrator\Documents\카카오톡 받은 파일\MAD_BLOCK-master\Tetris_Original\Release\Tetris.write.1.tlog
C:\USERS\ADMINISTRATOR\DOCUMENTS\카카오톡 받은 파일\MAD_BLOCK-MASTER\TETRIS_ORIGINAL\RELEASE\TETRISDLG.OBJ
C:\USERS\ADMINISTRATOR\DOCUMENTS\카카오톡 받은 파일\MAD_BLOCK-MASTER\TETRIS_ORIGINAL\RELEASE\VC100.PDB
